<?xml version="1.0" encoding="UTF-8"?>
<coverage generated="1597608889230" clover="3.2.0">
  <project timestamp="1597608889230" name="All files">
    <metrics statements="151" coveredstatements="151" conditionals="68" coveredconditionals="68" methods="43" coveredmethods="43" elements="262" coveredelements="262" complexity="0" loc="151" ncloc="151" packages="1" files="6" classes="6"/>
    <file name="datastructures.ts" path="/home/burt/Documents/differential-privacy/src/datastructures.ts">
      <metrics statements="63" coveredstatements="63" conditionals="18" coveredconditionals="18" methods="32" coveredmethods="32"/>
      <line num="59" count="3" type="stmt"/>
      <line num="60" count="52" type="stmt"/>
      <line num="62" count="5416" type="stmt"/>
      <line num="63" count="25035728" type="stmt"/>
      <line num="67" count="4" type="stmt"/>
      <line num="70" count="29" type="stmt"/>
      <line num="71" count="5609" type="stmt"/>
      <line num="73" count="26" type="stmt"/>
      <line num="75" count="52" type="stmt"/>
      <line num="87" count="3" type="stmt"/>
      <line num="88" count="10" type="stmt"/>
      <line num="90" count="24" type="stmt"/>
      <line num="91" count="85" type="stmt"/>
      <line num="95" count="3" type="stmt"/>
      <line num="98" count="1" type="stmt"/>
      <line num="99" count="1" type="stmt"/>
      <line num="100" count="2" type="stmt"/>
      <line num="102" count="1" type="stmt"/>
      <line num="104" count="5" type="stmt"/>
      <line num="106" count="10" type="stmt"/>
      <line num="111" count="5407" type="stmt"/>
      <line num="113" count="5403" type="stmt"/>
      <line num="114" count="25030681" type="cond" truecount="2" falsecount="0"/>
      <line num="115" count="25025278" type="cond" truecount="2" falsecount="0"/>
      <line num="120" count="2" type="cond" truecount="2" falsecount="0"/>
      <line num="121" count="2" type="stmt"/>
      <line num="124" count="5" type="stmt"/>
      <line num="125" count="5" type="stmt"/>
      <line num="126" count="15" type="cond" truecount="2" falsecount="0"/>
      <line num="127" count="10" type="cond" truecount="2" falsecount="0"/>
      <line num="130" count="5" type="stmt"/>
      <line num="132" count="1" type="stmt"/>
      <line num="134" count="5407" type="stmt"/>
      <line num="139" count="14" type="stmt"/>
      <line num="141" count="15" type="stmt"/>
      <line num="142" count="60" type="cond" truecount="2" falsecount="0"/>
      <line num="143" count="45" type="stmt"/>
      <line num="147" count="1" type="stmt"/>
      <line num="149" count="1" type="stmt"/>
      <line num="150" count="1" type="stmt"/>
      <line num="151" count="2" type="cond" truecount="2" falsecount="0"/>
      <line num="152" count="1" type="stmt"/>
      <line num="155" count="1" type="stmt"/>
      <line num="157" count="1" type="stmt"/>
      <line num="159" count="14" type="stmt"/>
      <line num="172" count="27" type="stmt"/>
      <line num="173" count="5409" type="stmt"/>
      <line num="174" count="27" type="stmt"/>
      <line num="175" count="27" type="stmt"/>
      <line num="177" count="5410" type="stmt"/>
      <line num="178" count="5410" type="stmt"/>
      <line num="179" count="5410" type="cond" truecount="2" falsecount="0"/>
      <line num="180" count="5410" type="stmt"/>
      <line num="198" count="6" type="stmt"/>
      <line num="199" count="15" type="stmt"/>
      <line num="200" count="6" type="stmt"/>
      <line num="201" count="6" type="stmt"/>
      <line num="203" count="6" type="stmt"/>
      <line num="204" count="6" type="stmt"/>
      <line num="206" count="16" type="stmt"/>
      <line num="207" count="16" type="stmt"/>
      <line num="208" count="16" type="cond" truecount="2" falsecount="0"/>
      <line num="209" count="16" type="stmt"/>
    </file>
    <file name="index.ts" path="/home/burt/Documents/differential-privacy/src/index.ts">
      <metrics statements="10" coveredstatements="10" conditionals="0" coveredconditionals="0" methods="0" coveredmethods="0"/>
      <line num="1" count="2" type="stmt"/>
      <line num="2" count="2" type="stmt"/>
      <line num="3" count="2" type="stmt"/>
      <line num="5" count="2" type="stmt"/>
      <line num="12" count="2" type="stmt"/>
      <line num="13" count="2" type="stmt"/>
      <line num="15" count="2" type="stmt"/>
      <line num="20" count="2" type="stmt"/>
      <line num="21" count="2" type="stmt"/>
      <line num="22" count="2" type="stmt"/>
    </file>
    <file name="laplace.ts" path="/home/burt/Documents/differential-privacy/src/laplace.ts">
      <metrics statements="8" coveredstatements="8" conditionals="2" coveredconditionals="2" methods="1" coveredmethods="1"/>
      <line num="1" count="3" type="stmt"/>
      <line num="3" count="3" type="stmt"/>
      <line num="4" count="3" type="stmt"/>
      <line num="6" count="3" type="stmt"/>
      <line num="7" count="240008" type="stmt"/>
      <line num="8" count="240008" type="stmt"/>
      <line num="9" count="240008" type="cond" truecount="2" falsecount="0"/>
      <line num="10" count="240008" type="stmt"/>
    </file>
    <file name="privatize.ts" path="/home/burt/Documents/differential-privacy/src/privatize.ts">
      <metrics statements="39" coveredstatements="39" conditionals="32" coveredconditionals="32" methods="6" coveredmethods="6"/>
      <line num="1" count="2" type="stmt"/>
      <line num="2" count="2" type="stmt"/>
      <line num="3" count="2" type="stmt"/>
      <line num="4" count="2" type="stmt"/>
      <line num="9" count="2" type="stmt"/>
      <line num="13" count="2" type="stmt"/>
      <line num="17" count="11" type="stmt"/>
      <line num="18" count="7" type="stmt"/>
      <line num="20" count="7" type="stmt"/>
      <line num="21" count="7" type="stmt"/>
      <line num="22" count="7" type="stmt"/>
      <line num="24" count="7" type="stmt"/>
      <line num="25" count="10" type="stmt"/>
      <line num="26" count="10" type="stmt"/>
      <line num="27" count="10" type="cond" truecount="2" falsecount="0"/>
      <line num="28" count="2" type="stmt"/>
      <line num="32" count="8" type="stmt"/>
      <line num="37" count="8" type="stmt"/>
      <line num="38" count="8" type="stmt"/>
      <line num="44" count="8" type="stmt"/>
      <line num="45" count="8" type="stmt"/>
      <line num="47" count="8" type="stmt"/>
      <line num="53" count="8" type="cond" truecount="2" falsecount="0"/>
      <line num="75" count="7" type="stmt"/>
      <line num="84" count="7" type="cond" truecount="2" falsecount="0"/>
      <line num="85" count="3" type="stmt"/>
      <line num="87" count="7" type="stmt"/>
      <line num="99" count="11" type="cond" truecount="4" falsecount="0"/>
      <line num="100" count="1" type="stmt"/>
      <line num="102" count="10" type="cond" truecount="2" falsecount="0"/>
      <line num="103" count="1" type="stmt"/>
      <line num="105" count="9" type="cond" truecount="2" falsecount="0"/>
      <line num="106" count="3" type="cond" truecount="4" falsecount="0"/>
      <line num="107" count="1" type="stmt"/>
      <line num="110" count="8" type="cond" truecount="2" falsecount="0"/>
      <line num="111" count="3" type="cond" truecount="4" falsecount="0"/>
      <line num="112" count="1" type="stmt"/>
      <line num="116" count="7" type="stmt"/>
      <line num="124" count="7" type="stmt"/>
    </file>
    <file name="sensitivity.ts" path="/home/burt/Documents/differential-privacy/src/sensitivity.ts">
      <metrics statements="30" coveredstatements="30" conditionals="16" coveredconditionals="16" methods="4" coveredmethods="4"/>
      <line num="2" count="3" type="stmt"/>
      <line num="16" count="3" type="stmt"/>
      <line num="24" count="25" type="stmt"/>
      <line num="25" count="25" type="stmt"/>
      <line num="26" count="25" type="stmt"/>
      <line num="29" count="25" type="stmt"/>
      <line num="30" count="25" type="stmt"/>
      <line num="31" count="25" type="stmt"/>
      <line num="32" count="25" type="stmt"/>
      <line num="36" count="5413" type="stmt"/>
      <line num="37" count="5413" type="stmt"/>
      <line num="39" count="5413" type="stmt"/>
      <line num="40" count="5413" type="stmt"/>
      <line num="41" count="5413" type="stmt"/>
      <line num="42" count="5413" type="cond" truecount="2" falsecount="0"/>
      <line num="43" count="5412" type="stmt"/>
      <line num="44" count="5412" type="stmt"/>
      <line num="47" count="5413" type="stmt"/>
      <line num="50" count="5413" type="cond" truecount="2" falsecount="0"/>
      <line num="51" count="1633" type="stmt"/>
      <line num="53" count="5413" type="cond" truecount="2" falsecount="0"/>
      <line num="54" count="25" type="stmt"/>
      <line num="59" count="25" type="stmt"/>
      <line num="60" count="25" type="stmt"/>
      <line num="64" count="5413" type="cond" truecount="2" falsecount="0"/>
      <line num="65" count="5413" type="cond" truecount="4" falsecount="0"/>
      <line num="66" count="1" type="stmt"/>
      <line num="68" count="5412" type="stmt"/>
      <line num="69" count="5412" type="cond" truecount="2" falsecount="0"/>
      <line num="70" count="5412" type="stmt"/>
    </file>
    <file name="types.ts" path="/home/burt/Documents/differential-privacy/src/types.ts">
      <metrics statements="1" coveredstatements="1" conditionals="0" coveredconditionals="0" methods="0" coveredmethods="0"/>
      <line num="153" count="2" type="stmt"/>
    </file>
  </project>
</coverage>
