{"/home/burt/Documents/differential-privacy/src/datastructures.ts": {"path":"/home/burt/Documents/differential-privacy/src/datastructures.ts","statementMap":{"0":{"start":{"line":60,"column":37},"end":{"line":74,"column":null}},"1":{"start":{"line":62,"column":12},"end":{"line":64,"column":null}},"2":{"start":{"line":63,"column":16},"end":{"line":63,"column":null}},"3":{"start":{"line":67,"column":12},"end":{"line":67,"column":null}},"4":{"start":{"line":70,"column":12},"end":{"line":71,"column":null}},"5":{"start":{"line":71,"column":36},"end":{"line":71,"column":55}},"6":{"start":{"line":73,"column":33},"end":{"line":73,"column":70}},"7":{"start":{"line":75,"column":4},"end":{"line":75,"column":null}},"8":{"start":{"line":59,"column":0},"end":{"line":59,"column":16}},"9":{"start":{"line":88,"column":45},"end":{"line":105,"column":null}},"10":{"start":{"line":90,"column":12},"end":{"line":92,"column":null}},"11":{"start":{"line":91,"column":20},"end":{"line":91,"column":null}},"12":{"start":{"line":95,"column":12},"end":{"line":95,"column":null}},"13":{"start":{"line":98,"column":36},"end":{"line":98,"column":38}},"14":{"start":{"line":99,"column":12},"end":{"line":101,"column":null}},"15":{"start":{"line":100,"column":20},"end":{"line":100,"column":null}},"16":{"start":{"line":102,"column":12},"end":{"line":102,"column":null}},"17":{"start":{"line":104,"column":33},"end":{"line":104,"column":77}},"18":{"start":{"line":106,"column":4},"end":{"line":106,"column":null}},"19":{"start":{"line":87,"column":0},"end":{"line":87,"column":16}},"20":{"start":{"line":111,"column":37},"end":{"line":133,"column":null}},"21":{"start":{"line":113,"column":12},"end":{"line":117,"column":null}},"22":{"start":{"line":114,"column":16},"end":{"line":116,"column":null}},"23":{"start":{"line":115,"column":20},"end":{"line":115,"column":null}},"24":{"start":{"line":120,"column":30},"end":{"line":120,"column":71}},"25":{"start":{"line":121,"column":12},"end":{"line":121,"column":null}},"26":{"start":{"line":124,"column":36},"end":{"line":124,"column":38}},"27":{"start":{"line":125,"column":12},"end":{"line":129,"column":null}},"28":{"start":{"line":126,"column":16},"end":{"line":128,"column":null}},"29":{"start":{"line":127,"column":20},"end":{"line":127,"column":null}},"30":{"start":{"line":130,"column":12},"end":{"line":130,"column":null}},"31":{"start":{"line":132,"column":33},"end":{"line":132,"column":70}},"32":{"start":{"line":134,"column":4},"end":{"line":134,"column":null}},"33":{"start":{"line":139,"column":45},"end":{"line":158,"column":null}},"34":{"start":{"line":141,"column":12},"end":{"line":145,"column":null}},"35":{"start":{"line":142,"column":16},"end":{"line":144,"column":null}},"36":{"start":{"line":143,"column":20},"end":{"line":143,"column":null}},"37":{"start":{"line":147,"column":32},"end":{"line":147,"column":48}},"38":{"start":{"line":149,"column":36},"end":{"line":149,"column":38}},"39":{"start":{"line":150,"column":12},"end":{"line":154,"column":null}},"40":{"start":{"line":151,"column":16},"end":{"line":153,"column":null}},"41":{"start":{"line":152,"column":20},"end":{"line":152,"column":null}},"42":{"start":{"line":155,"column":12},"end":{"line":155,"column":null}},"43":{"start":{"line":157,"column":33},"end":{"line":157,"column":77}},"44":{"start":{"line":159,"column":4},"end":{"line":159,"column":null}},"45":{"start":{"line":172,"column":16},"end":{"line":172,"column":18}},"46":{"start":{"line":173,"column":21},"end":{"line":173,"column":44}},"47":{"start":{"line":173,"column":41},"end":{"line":173,"column":43}},"48":{"start":{"line":174,"column":24},"end":{"line":174,"column":46}},"49":{"start":{"line":175,"column":4},"end":{"line":185,"column":null}},"50":{"start":{"line":177,"column":12},"end":{"line":177,"column":null}},"51":{"start":{"line":178,"column":27},"end":{"line":178,"column":57}},"52":{"start":{"line":179,"column":31},"end":{"line":179,"column":113}},"53":{"start":{"line":180,"column":12},"end":{"line":183,"column":null}},"54":{"start":{"line":198,"column":45},"end":{"line":198,"column":47}},"55":{"start":{"line":199,"column":4},"end":{"line":199,"column":null}},"56":{"start":{"line":199,"column":34},"end":{"line":199,"column":53}},"57":{"start":{"line":200,"column":17},"end":{"line":200,"column":38}},"58":{"start":{"line":201,"column":24},"end":{"line":201,"column":49}},"59":{"start":{"line":203,"column":16},"end":{"line":203,"column":18}},"60":{"start":{"line":204,"column":4},"end":{"line":214,"column":null}},"61":{"start":{"line":206,"column":12},"end":{"line":206,"column":null}},"62":{"start":{"line":207,"column":27},"end":{"line":207,"column":53}},"63":{"start":{"line":208,"column":31},"end":{"line":208,"column":116}},"64":{"start":{"line":209,"column":12},"end":{"line":212,"column":null}}},"fnMap":{"0":{"name":"newArrayView","decl":{"start":{"line":59,"column":16},"end":{"line":59,"column":28}},"loc":{"start":{"line":59,"column":47},"end":{"line":76,"column":1}}},"1":{"name":"(anonymous_1)","decl":{"start":{"line":61,"column":17},"end":{"line":61,"column":18}},"loc":{"start":{"line":61,"column":30},"end":{"line":65,"column":9}}},"2":{"name":"(anonymous_2)","decl":{"start":{"line":62,"column":29},"end":{"line":62,"column":30}},"loc":{"start":{"line":62,"column":44},"end":{"line":64,"column":13}}},"3":{"name":"(anonymous_3)","decl":{"start":{"line":66,"column":13},"end":{"line":66,"column":14}},"loc":{"start":{"line":66,"column":31},"end":{"line":68,"column":9}}},"4":{"name":"(anonymous_4)","decl":{"start":{"line":69,"column":13},"end":{"line":69,"column":14}},"loc":{"start":{"line":69,"column":26},"end":{"line":72,"column":9}}},"5":{"name":"(anonymous_5)","decl":{"start":{"line":71,"column":21},"end":{"line":71,"column":22}},"loc":{"start":{"line":71,"column":36},"end":{"line":71,"column":55}}},"6":{"name":"(anonymous_6)","decl":{"start":{"line":73,"column":27},"end":{"line":73,"column":30}},"loc":{"start":{"line":73,"column":33},"end":{"line":73,"column":70}}},"7":{"name":"newKeyValueView","decl":{"start":{"line":87,"column":16},"end":{"line":87,"column":31}},"loc":{"start":{"line":87,"column":71},"end":{"line":107,"column":1}}},"8":{"name":"(anonymous_8)","decl":{"start":{"line":89,"column":17},"end":{"line":89,"column":18}},"loc":{"start":{"line":89,"column":30},"end":{"line":93,"column":9}}},"9":{"name":"(anonymous_9)","decl":{"start":{"line":94,"column":13},"end":{"line":94,"column":14}},"loc":{"start":{"line":94,"column":31},"end":{"line":96,"column":9}}},"10":{"name":"(anonymous_10)","decl":{"start":{"line":97,"column":13},"end":{"line":97,"column":21}},"loc":{"start":{"line":97,"column":69},"end":{"line":103,"column":9}}},"11":{"name":"(anonymous_11)","decl":{"start":{"line":104,"column":27},"end":{"line":104,"column":30}},"loc":{"start":{"line":104,"column":33},"end":{"line":104,"column":77}}},"12":{"name":"newIgnoreIndexArrayView","decl":{"start":{"line":110,"column":9},"end":{"line":110,"column":32}},"loc":{"start":{"line":110,"column":81},"end":{"line":135,"column":1}}},"13":{"name":"(anonymous_13)","decl":{"start":{"line":112,"column":17},"end":{"line":112,"column":18}},"loc":{"start":{"line":112,"column":30},"end":{"line":118,"column":9}}},"14":{"name":"(anonymous_14)","decl":{"start":{"line":113,"column":29},"end":{"line":113,"column":30}},"loc":{"start":{"line":113,"column":44},"end":{"line":117,"column":13}}},"15":{"name":"(anonymous_15)","decl":{"start":{"line":119,"column":13},"end":{"line":119,"column":14}},"loc":{"start":{"line":119,"column":31},"end":{"line":122,"column":9}}},"16":{"name":"(anonymous_16)","decl":{"start":{"line":123,"column":13},"end":{"line":123,"column":21}},"loc":{"start":{"line":123,"column":67},"end":{"line":131,"column":9}}},"17":{"name":"(anonymous_17)","decl":{"start":{"line":125,"column":29},"end":{"line":125,"column":30}},"loc":{"start":{"line":125,"column":43},"end":{"line":129,"column":13}}},"18":{"name":"(anonymous_18)","decl":{"start":{"line":132,"column":27},"end":{"line":132,"column":30}},"loc":{"start":{"line":132,"column":33},"end":{"line":132,"column":70}}},"19":{"name":"newIgnoreKeyKeyValueView","decl":{"start":{"line":138,"column":9},"end":{"line":138,"column":33}},"loc":{"start":{"line":138,"column":82},"end":{"line":160,"column":1}}},"20":{"name":"(anonymous_20)","decl":{"start":{"line":140,"column":17},"end":{"line":140,"column":18}},"loc":{"start":{"line":140,"column":30},"end":{"line":146,"column":9}}},"21":{"name":"(anonymous_21)","decl":{"start":{"line":141,"column":26},"end":{"line":141,"column":27}},"loc":{"start":{"line":141,"column":41},"end":{"line":145,"column":13}}},"22":{"name":"(anonymous_22)","decl":{"start":{"line":147,"column":13},"end":{"line":147,"column":14}},"loc":{"start":{"line":147,"column":32},"end":{"line":147,"column":48}}},"23":{"name":"(anonymous_23)","decl":{"start":{"line":148,"column":13},"end":{"line":148,"column":21}},"loc":{"start":{"line":148,"column":69},"end":{"line":156,"column":9}}},"24":{"name":"(anonymous_24)","decl":{"start":{"line":150,"column":26},"end":{"line":150,"column":27}},"loc":{"start":{"line":150,"column":41},"end":{"line":154,"column":13}}},"25":{"name":"(anonymous_25)","decl":{"start":{"line":157,"column":27},"end":{"line":157,"column":30}},"loc":{"start":{"line":157,"column":33},"end":{"line":157,"column":77}}},"26":{"name":"newArrayViewSubsetIterator","decl":{"start":{"line":171,"column":9},"end":{"line":171,"column":35}},"loc":{"start":{"line":171,"column":64},"end":{"line":186,"column":1}}},"27":{"name":"(anonymous_27)","decl":{"start":{"line":173,"column":33},"end":{"line":173,"column":34}},"loc":{"start":{"line":173,"column":41},"end":{"line":173,"column":43}}},"28":{"name":"(anonymous_28)","decl":{"start":{"line":176,"column":14},"end":{"line":176,"column":17}},"loc":{"start":{"line":176,"column":19},"end":{"line":184,"column":9}}},"29":{"name":"newKeyValueViewSubsetIterator","decl":{"start":{"line":197,"column":9},"end":{"line":197,"column":38}},"loc":{"start":{"line":197,"column":70},"end":{"line":215,"column":1}}},"30":{"name":"(anonymous_30)","decl":{"start":{"line":199,"column":20},"end":{"line":199,"column":21}},"loc":{"start":{"line":199,"column":34},"end":{"line":199,"column":53}}},"31":{"name":"(anonymous_31)","decl":{"start":{"line":205,"column":14},"end":{"line":205,"column":17}},"loc":{"start":{"line":205,"column":19},"end":{"line":213,"column":9}}}},"branchMap":{"0":{"loc":{"start":{"line":114,"column":16},"end":{"line":116,"column":null}},"type":"if","locations":[{"start":{"line":114,"column":16},"end":{"line":116,"column":null}},{"start":{"line":114,"column":16},"end":{"line":116,"column":null}}]},"1":{"loc":{"start":{"line":115,"column":66},"end":{"line":115,"column":67}},"type":"cond-expr","locations":[{"start":{"line":115,"column":66},"end":{"line":115,"column":67}},{"start":{"line":115,"column":70},"end":{"line":115,"column":71}}]},"2":{"loc":{"start":{"line":120,"column":52},"end":{"line":120,"column":57}},"type":"cond-expr","locations":[{"start":{"line":120,"column":52},"end":{"line":120,"column":57}},{"start":{"line":120,"column":61},"end":{"line":120,"column":70}}]},"3":{"loc":{"start":{"line":126,"column":16},"end":{"line":128,"column":null}},"type":"if","locations":[{"start":{"line":126,"column":16},"end":{"line":128,"column":null}},{"start":{"line":126,"column":16},"end":{"line":128,"column":null}}]},"4":{"loc":{"start":{"line":127,"column":77},"end":{"line":127,"column":78}},"type":"cond-expr","locations":[{"start":{"line":127,"column":77},"end":{"line":127,"column":78}},{"start":{"line":127,"column":81},"end":{"line":127,"column":82}}]},"5":{"loc":{"start":{"line":142,"column":16},"end":{"line":144,"column":null}},"type":"if","locations":[{"start":{"line":142,"column":16},"end":{"line":144,"column":null}},{"start":{"line":142,"column":16},"end":{"line":144,"column":null}}]},"6":{"loc":{"start":{"line":151,"column":16},"end":{"line":153,"column":null}},"type":"if","locations":[{"start":{"line":151,"column":16},"end":{"line":153,"column":null}},{"start":{"line":151,"column":16},"end":{"line":153,"column":null}}]},"7":{"loc":{"start":{"line":179,"column":58},"end":{"line":179,"column":67}},"type":"cond-expr","locations":[{"start":{"line":179,"column":58},"end":{"line":179,"column":67}},{"start":{"line":179,"column":70},"end":{"line":179,"column":113}}]},"8":{"loc":{"start":{"line":208,"column":54},"end":{"line":208,"column":63}},"type":"cond-expr","locations":[{"start":{"line":208,"column":54},"end":{"line":208,"column":63}},{"start":{"line":208,"column":66},"end":{"line":208,"column":116}}]}},"s":{"0":52,"1":5416,"2":25035728,"3":4,"4":29,"5":5609,"6":26,"7":52,"8":3,"9":10,"10":24,"11":85,"12":3,"13":1,"14":1,"15":2,"16":1,"17":5,"18":10,"19":3,"20":5407,"21":5403,"22":25030681,"23":25025278,"24":2,"25":2,"26":5,"27":5,"28":15,"29":10,"30":5,"31":1,"32":5407,"33":14,"34":15,"35":60,"36":45,"37":1,"38":1,"39":1,"40":2,"41":1,"42":1,"43":1,"44":14,"45":27,"46":27,"47":5409,"48":27,"49":27,"50":5410,"51":5410,"52":5410,"53":5410,"54":6,"55":6,"56":15,"57":6,"58":6,"59":6,"60":6,"61":16,"62":16,"63":16,"64":16},"f":{"0":52,"1":5416,"2":25035728,"3":4,"4":29,"5":5609,"6":26,"7":10,"8":24,"9":3,"10":1,"11":5,"12":5407,"13":5403,"14":25030681,"15":2,"16":5,"17":15,"18":1,"19":14,"20":15,"21":60,"22":1,"23":1,"24":2,"25":1,"26":27,"27":5409,"28":5410,"29":6,"30":15,"31":16},"b":{"0":[25025278,5403],"1":[12512639,12512639],"2":[1,1],"3":[10,5],"4":[5,5],"5":[45,15],"6":[1,1],"7":[3,5407],"8":[2,14]}}
,"/home/burt/Documents/differential-privacy/src/index.ts": {"path":"/home/burt/Documents/differential-privacy/src/index.ts","statementMap":{"0":{"start":{"line":1,"column":0},"end":{"line":1,"column":37}},"1":{"start":{"line":2,"column":0},"end":{"line":2,"column":52}},"2":{"start":{"line":3,"column":0},"end":{"line":3,"column":47}},"3":{"start":{"line":5,"column":0},"end":{"line":5,"column":27}},"4":{"start":{"line":12,"column":1},"end":{"line":12,"column":null}},"5":{"start":{"line":13,"column":0},"end":{"line":13,"column":null}},"6":{"start":{"line":15,"column":13},"end":{"line":18,"column":null}},"7":{"start":{"line":20,"column":0},"end":{"line":20,"column":33}},"8":{"start":{"line":21,"column":0},"end":{"line":21,"column":24}},"9":{"start":{"line":22,"column":0},"end":{"line":22,"column":null}}},"fnMap":{},"branchMap":{},"s":{"0":2,"1":2,"2":2,"3":2,"4":2,"5":2,"6":2,"7":2,"8":2,"9":2},"f":{},"b":{}}
,"/home/burt/Documents/differential-privacy/src/laplace.ts": {"path":"/home/burt/Documents/differential-privacy/src/laplace.ts","statementMap":{"0":{"start":{"line":1,"column":0},"end":{"line":1,"column":37}},"1":{"start":{"line":3,"column":12},"end":{"line":3,"column":26}},"2":{"start":{"line":4,"column":12},"end":{"line":4,"column":26}},"3":{"start":{"line":7,"column":18},"end":{"line":7,"column":48}},"4":{"start":{"line":8,"column":28},"end":{"line":8,"column":55}},"5":{"start":{"line":9,"column":17},"end":{"line":9,"column":56}},"6":{"start":{"line":10,"column":4},"end":{"line":15,"column":null}},"7":{"start":{"line":6,"column":0},"end":{"line":6,"column":16}}},"fnMap":{"0":{"name":"laplaceProbDistribution","decl":{"start":{"line":6,"column":16},"end":{"line":6,"column":39}},"loc":{"start":{"line":6,"column":78},"end":{"line":16,"column":1}}}},"branchMap":{"0":{"loc":{"start":{"line":9,"column":50},"end":{"line":9,"column":51}},"type":"cond-expr","locations":[{"start":{"line":9,"column":50},"end":{"line":9,"column":51}},{"start":{"line":9,"column":54},"end":{"line":9,"column":56}}]}},"s":{"0":3,"1":3,"2":3,"3":240008,"4":240008,"5":240008,"6":240008,"7":3},"f":{"0":240008},"b":{"0":[120352,119656]}}
,"/home/burt/Documents/differential-privacy/src/privatize.ts": {"path":"/home/burt/Documents/differential-privacy/src/privatize.ts","statementMap":{"0":{"start":{"line":1,"column":0},"end":{"line":1,"column":44}},"1":{"start":{"line":2,"column":0},"end":{"line":2,"column":53}},"2":{"start":{"line":3,"column":0},"end":{"line":3,"column":186}},"3":{"start":{"line":4,"column":0},"end":{"line":4,"column":33}},"4":{"start":{"line":13,"column":4},"end":{"line":61,"column":null}},"5":{"start":{"line":17,"column":33},"end":{"line":17,"column":61}},"6":{"start":{"line":18,"column":24},"end":{"line":18,"column":60}},"7":{"start":{"line":20,"column":27},"end":{"line":20,"column":58}},"8":{"start":{"line":21,"column":24},"end":{"line":21,"column":66}},"9":{"start":{"line":22,"column":32},"end":{"line":22,"column":50}},"10":{"start":{"line":24,"column":27},"end":{"line":24,"column":41}},"11":{"start":{"line":25,"column":8},"end":{"line":60,"column":null}},"12":{"start":{"line":25,"column":42},"end":{"line":60,"column":null}},"13":{"start":{"line":26,"column":12},"end":{"line":26,"column":null}},"14":{"start":{"line":27,"column":12},"end":{"line":30,"column":null}},"15":{"start":{"line":28,"column":16},"end":{"line":29,"column":null}},"16":{"start":{"line":32,"column":16},"end":{"line":34,"column":47}},"17":{"start":{"line":37,"column":30},"end":{"line":37,"column":56}},"18":{"start":{"line":38,"column":36},"end":{"line":41,"column":30}},"19":{"start":{"line":44,"column":26},"end":{"line":44,"column":60}},"20":{"start":{"line":45,"column":32},"end":{"line":45,"column":59}},"21":{"start":{"line":47,"column":42},"end":{"line":51,"column":null}},"22":{"start":{"line":53,"column":12},"end":{"line":59,"column":null}},"23":{"start":{"line":9,"column":0},"end":{"line":9,"column":16}},"24":{"start":{"line":75,"column":19},"end":{"line":83,"column":null}},"25":{"start":{"line":84,"column":4},"end":{"line":86,"column":null}},"26":{"start":{"line":85,"column":8},"end":{"line":85,"column":null}},"27":{"start":{"line":87,"column":4},"end":{"line":87,"column":null}},"28":{"start":{"line":99,"column":4},"end":{"line":101,"column":null}},"29":{"start":{"line":100,"column":8},"end":{"line":100,"column":null}},"30":{"start":{"line":102,"column":4},"end":{"line":104,"column":null}},"31":{"start":{"line":103,"column":8},"end":{"line":103,"column":null}},"32":{"start":{"line":105,"column":4},"end":{"line":109,"column":null}},"33":{"start":{"line":106,"column":8},"end":{"line":108,"column":null}},"34":{"start":{"line":107,"column":12},"end":{"line":107,"column":null}},"35":{"start":{"line":110,"column":4},"end":{"line":114,"column":null}},"36":{"start":{"line":111,"column":8},"end":{"line":113,"column":null}},"37":{"start":{"line":112,"column":12},"end":{"line":112,"column":null}},"38":{"start":{"line":116,"column":19},"end":{"line":122,"column":null}},"39":{"start":{"line":124,"column":4},"end":{"line":124,"column":null}}},"fnMap":{"0":{"name":"privatizeFactory","decl":{"start":{"line":9,"column":16},"end":{"line":9,"column":32}},"loc":{"start":{"line":11,"column":42},"end":{"line":62,"column":1}}},"1":{"name":"(anonymous_1)","decl":{"start":{"line":13,"column":11},"end":{"line":13,"column":null}},"loc":{"start":{"line":15,"column":28},"end":{"line":61,"column":5}}},"2":{"name":"(anonymous_2)","decl":{"start":{"line":25,"column":15},"end":{"line":25,"column":22}},"loc":{"start":{"line":25,"column":42},"end":{"line":60,"column":null}}},"3":{"name":"(anonymous_3)","decl":{"start":{"line":25,"column":42},"end":{"line":25,"column":null}},"loc":{"start":{"line":25,"column":42},"end":{"line":60,"column":9}}},"4":{"name":"fillDefaultOptions","decl":{"start":{"line":74,"column":9},"end":{"line":74,"column":27}},"loc":{"start":{"line":74,"column":86},"end":{"line":88,"column":1}}},"5":{"name":"validateOptions","decl":{"start":{"line":97,"column":9},"end":{"line":97,"column":24}},"loc":{"start":{"line":98,"column":30},"end":{"line":125,"column":1}}}},"branchMap":{"0":{"loc":{"start":{"line":27,"column":12},"end":{"line":30,"column":null}},"type":"if","locations":[{"start":{"line":27,"column":12},"end":{"line":30,"column":null}},{"start":{"line":27,"column":12},"end":{"line":30,"column":null}}]},"1":{"loc":{"start":{"line":40,"column":21},"end":{"line":40,"column":36}},"type":"cond-expr","locations":[{"start":{"line":40,"column":21},"end":{"line":40,"column":36}},{"start":{"line":41,"column":20},"end":{"line":41,"column":29}}]},"2":{"loc":{"start":{"line":53,"column":56},"end":{"line":59,"column":14}},"type":"cond-expr","locations":[{"start":{"line":53,"column":56},"end":{"line":59,"column":14}},{"start":{"line":59,"column":16},"end":{"line":59,"column":22}}]},"3":{"loc":{"start":{"line":78,"column":55},"end":{"line":78,"column":75}},"type":"cond-expr","locations":[{"start":{"line":78,"column":55},"end":{"line":78,"column":75}},{"start":{"line":78,"column":78},"end":{"line":78,"column":79}}]},"4":{"loc":{"start":{"line":81,"column":16},"end":{"line":81,"column":42}},"type":"cond-expr","locations":[{"start":{"line":81,"column":16},"end":{"line":81,"column":42}},{"start":{"line":81,"column":45},"end":{"line":81,"column":46}}]},"5":{"loc":{"start":{"line":84,"column":4},"end":{"line":86,"column":null}},"type":"if","locations":[{"start":{"line":84,"column":4},"end":{"line":86,"column":null}},{"start":{"line":84,"column":4},"end":{"line":86,"column":null}}]},"6":{"loc":{"start":{"line":99,"column":4},"end":{"line":101,"column":null}},"type":"if","locations":[{"start":{"line":99,"column":4},"end":{"line":101,"column":null}},{"start":{"line":99,"column":4},"end":{"line":101,"column":null}}]},"7":{"loc":{"start":{"line":99,"column":8},"end":{"line":99,"column":37}},"type":"binary-expr","locations":[{"start":{"line":99,"column":8},"end":{"line":99,"column":37}},{"start":{"line":99,"column":41},"end":{"line":99,"column":64}}]},"8":{"loc":{"start":{"line":102,"column":4},"end":{"line":104,"column":null}},"type":"if","locations":[{"start":{"line":102,"column":4},"end":{"line":104,"column":null}},{"start":{"line":102,"column":4},"end":{"line":104,"column":null}}]},"9":{"loc":{"start":{"line":105,"column":4},"end":{"line":109,"column":null}},"type":"if","locations":[{"start":{"line":105,"column":4},"end":{"line":109,"column":null}},{"start":{"line":105,"column":4},"end":{"line":109,"column":null}}]},"10":{"loc":{"start":{"line":106,"column":8},"end":{"line":108,"column":null}},"type":"if","locations":[{"start":{"line":106,"column":8},"end":{"line":108,"column":null}},{"start":{"line":106,"column":8},"end":{"line":108,"column":null}}]},"11":{"loc":{"start":{"line":106,"column":12},"end":{"line":106,"column":43}},"type":"binary-expr","locations":[{"start":{"line":106,"column":12},"end":{"line":106,"column":43}},{"start":{"line":106,"column":47},"end":{"line":106,"column":71}}]},"12":{"loc":{"start":{"line":110,"column":4},"end":{"line":114,"column":null}},"type":"if","locations":[{"start":{"line":110,"column":4},"end":{"line":114,"column":null}},{"start":{"line":110,"column":4},"end":{"line":114,"column":null}}]},"13":{"loc":{"start":{"line":111,"column":8},"end":{"line":113,"column":null}},"type":"if","locations":[{"start":{"line":111,"column":8},"end":{"line":113,"column":null}},{"start":{"line":111,"column":8},"end":{"line":113,"column":null}}]},"14":{"loc":{"start":{"line":111,"column":12},"end":{"line":111,"column":49}},"type":"binary-expr","locations":[{"start":{"line":111,"column":12},"end":{"line":111,"column":49}},{"start":{"line":111,"column":53},"end":{"line":111,"column":83}}]},"15":{"loc":{"start":{"line":121,"column":63},"end":{"line":121,"column":67}},"type":"cond-expr","locations":[{"start":{"line":121,"column":63},"end":{"line":121,"column":67}},{"start":{"line":121,"column":70},"end":{"line":121,"column":79}}]}},"s":{"0":2,"1":2,"2":2,"3":2,"4":2,"5":11,"6":7,"7":7,"8":7,"9":7,"10":7,"11":7,"12":10,"13":10,"14":10,"15":2,"16":8,"17":8,"18":8,"19":8,"20":8,"21":8,"22":8,"23":2,"24":7,"25":7,"26":3,"27":7,"28":11,"29":1,"30":10,"31":1,"32":9,"33":3,"34":1,"35":8,"36":3,"37":1,"38":7,"39":7},"f":{"0":2,"1":11,"2":10,"3":10,"4":7,"5":11},"b":{"0":[2,8],"1":[1,7],"2":[4,4],"3":[2,5],"4":[2,5],"5":[3,4],"6":[1,10],"7":[11,10],"8":[1,9],"9":[3,6],"10":[1,2],"11":[3,2],"12":[3,5],"13":[1,2],"14":[3,3],"15":[3,4]}}
,"/home/burt/Documents/differential-privacy/src/sensitivity.ts": {"path":"/home/burt/Documents/differential-privacy/src/sensitivity.ts","statementMap":{"0":{"start":{"line":2,"column":0},"end":{"line":2,"column":33}},"1":{"start":{"line":24,"column":24},"end":{"line":24,"column":72}},"2":{"start":{"line":25,"column":31},"end":{"line":25,"column":53}},"3":{"start":{"line":26,"column":24},"end":{"line":28,"column":26}},"4":{"start":{"line":29,"column":20},"end":{"line":29,"column":57}},"5":{"start":{"line":30,"column":20},"end":{"line":30,"column":57}},"6":{"start":{"line":31,"column":48},"end":{"line":31,"column":50}},"7":{"start":{"line":32,"column":4},"end":{"line":56,"column":null}},"8":{"start":{"line":32,"column":23},"end":{"line":32,"column":41}},"9":{"start":{"line":36,"column":25},"end":{"line":36,"column":38}},"10":{"start":{"line":37,"column":34},"end":{"line":46,"column":14}},"11":{"start":{"line":39,"column":36},"end":{"line":40,"column":64}},"12":{"start":{"line":40,"column":39},"end":{"line":40,"column":63}},"13":{"start":{"line":41,"column":16},"end":{"line":41,"column":null}},"14":{"start":{"line":42,"column":16},"end":{"line":45,"column":null}},"15":{"start":{"line":43,"column":20},"end":{"line":43,"column":null}},"16":{"start":{"line":44,"column":20},"end":{"line":44,"column":null}},"17":{"start":{"line":47,"column":8},"end":{"line":47,"column":null}},"18":{"start":{"line":50,"column":8},"end":{"line":52,"column":null}},"19":{"start":{"line":51,"column":12},"end":{"line":51,"column":null}},"20":{"start":{"line":53,"column":8},"end":{"line":55,"column":null}},"21":{"start":{"line":54,"column":12},"end":{"line":54,"column":18}},"22":{"start":{"line":59,"column":4},"end":{"line":59,"column":null}},"23":{"start":{"line":60,"column":4},"end":{"line":60,"column":null}},"24":{"start":{"line":16,"column":0},"end":{"line":16,"column":22}},"25":{"start":{"line":64,"column":24},"end":{"line":64,"column":71}},"26":{"start":{"line":65,"column":4},"end":{"line":67,"column":null}},"27":{"start":{"line":66,"column":8},"end":{"line":66,"column":null}},"28":{"start":{"line":68,"column":20},"end":{"line":68,"column":37}},"29":{"start":{"line":69,"column":20},"end":{"line":69,"column":76}},"30":{"start":{"line":70,"column":4},"end":{"line":70,"column":null}}},"fnMap":{"0":{"name":"calculateSensitivity","decl":{"start":{"line":16,"column":22},"end":{"line":16,"column":42}},"loc":{"start":{"line":21,"column":35},"end":{"line":61,"column":null}}},"1":{"name":"(anonymous_2)","decl":{"start":{"line":38,"column":18},"end":{"line":38,"column":19}},"loc":{"start":{"line":38,"column":32},"end":{"line":46,"column":13}}},"2":{"name":"(anonymous_3)","decl":{"start":{"line":40,"column":31},"end":{"line":40,"column":32}},"loc":{"start":{"line":40,"column":39},"end":{"line":40,"column":63}}},"3":{"name":"runOnModifiedDataset","decl":{"start":{"line":63,"column":15},"end":{"line":63,"column":35}},"loc":{"start":{"line":63,"column":99},"end":{"line":71,"column":null}}}},"branchMap":{"0":{"loc":{"start":{"line":27,"column":9},"end":{"line":27,"column":33}},"type":"cond-expr","locations":[{"start":{"line":27,"column":9},"end":{"line":27,"column":33}},{"start":{"line":28,"column":8},"end":{"line":28,"column":26}}]},"1":{"loc":{"start":{"line":42,"column":16},"end":{"line":45,"column":null}},"type":"if","locations":[{"start":{"line":42,"column":16},"end":{"line":45,"column":null}},{"start":{"line":42,"column":16},"end":{"line":45,"column":null}}]},"2":{"loc":{"start":{"line":50,"column":8},"end":{"line":52,"column":null}},"type":"if","locations":[{"start":{"line":50,"column":8},"end":{"line":52,"column":null}},{"start":{"line":50,"column":8},"end":{"line":52,"column":null}}]},"3":{"loc":{"start":{"line":53,"column":8},"end":{"line":55,"column":null}},"type":"if","locations":[{"start":{"line":53,"column":8},"end":{"line":55,"column":null}},{"start":{"line":53,"column":8},"end":{"line":55,"column":null}}]},"4":{"loc":{"start":{"line":64,"column":53},"end":{"line":64,"column":63}},"type":"cond-expr","locations":[{"start":{"line":64,"column":53},"end":{"line":64,"column":63}},{"start":{"line":64,"column":67},"end":{"line":64,"column":71}}]},"5":{"loc":{"start":{"line":65,"column":4},"end":{"line":67,"column":null}},"type":"if","locations":[{"start":{"line":65,"column":4},"end":{"line":67,"column":null}},{"start":{"line":65,"column":4},"end":{"line":67,"column":null}}]},"6":{"loc":{"start":{"line":65,"column":8},"end":{"line":65,"column":26}},"type":"binary-expr","locations":[{"start":{"line":65,"column":8},"end":{"line":65,"column":26}},{"start":{"line":65,"column":30},"end":{"line":65,"column":55}}]},"7":{"loc":{"start":{"line":69,"column":52},"end":{"line":69,"column":65}},"type":"cond-expr","locations":[{"start":{"line":69,"column":52},"end":{"line":69,"column":65}},{"start":{"line":69,"column":69},"end":{"line":69,"column":76}}]}},"s":{"0":3,"1":25,"2":25,"3":25,"4":25,"5":25,"6":25,"7":25,"8":25,"9":5413,"10":5413,"11":5413,"12":5413,"13":5413,"14":5413,"15":5412,"16":5412,"17":5413,"18":5413,"19":1633,"20":5413,"21":25,"22":25,"23":25,"24":3,"25":5413,"26":5413,"27":1,"28":5412,"29":5412,"30":5412},"f":{"0":25,"1":5413,"2":5413,"3":5413},"b":{"0":[1,24],"1":[5412,1],"2":[1633,3780],"3":[25,5388],"4":[18,5395],"5":[1,5412],"6":[5413,5412],"7":[105,5307]}}
,"/home/burt/Documents/differential-privacy/src/types.ts": {"path":"/home/burt/Documents/differential-privacy/src/types.ts","statementMap":{"0":{"start":{"line":153,"column":0},"end":{"line":153,"column":13}}},"fnMap":{},"branchMap":{},"s":{"0":2},"f":{},"b":{}}
}
