TN:
SF:src/datastructures.ts
FN:59,newArrayView
FN:61,(anonymous_1)
FN:62,(anonymous_2)
FN:66,(anonymous_3)
FN:69,(anonymous_4)
FN:71,(anonymous_5)
FN:73,(anonymous_6)
FN:87,newKeyValueView
FN:89,(anonymous_8)
FN:94,(anonymous_9)
FN:97,(anonymous_10)
FN:104,(anonymous_11)
FN:110,newIgnoreIndexArrayView
FN:112,(anonymous_13)
FN:113,(anonymous_14)
FN:119,(anonymous_15)
FN:123,(anonymous_16)
FN:125,(anonymous_17)
FN:132,(anonymous_18)
FN:138,newIgnoreKeyKeyValueView
FN:140,(anonymous_20)
FN:141,(anonymous_21)
FN:147,(anonymous_22)
FN:148,(anonymous_23)
FN:150,(anonymous_24)
FN:157,(anonymous_25)
FN:171,newArrayViewSubsetIterator
FN:173,(anonymous_27)
FN:176,(anonymous_28)
FN:197,newKeyValueViewSubsetIterator
FN:199,(anonymous_30)
FN:205,(anonymous_31)
FNF:32
FNH:32
FNDA:52,newArrayView
FNDA:5416,(anonymous_1)
FNDA:25035728,(anonymous_2)
FNDA:4,(anonymous_3)
FNDA:29,(anonymous_4)
FNDA:5609,(anonymous_5)
FNDA:26,(anonymous_6)
FNDA:10,newKeyValueView
FNDA:24,(anonymous_8)
FNDA:3,(anonymous_9)
FNDA:1,(anonymous_10)
FNDA:5,(anonymous_11)
FNDA:5407,newIgnoreIndexArrayView
FNDA:5403,(anonymous_13)
FNDA:25030681,(anonymous_14)
FNDA:2,(anonymous_15)
FNDA:5,(anonymous_16)
FNDA:15,(anonymous_17)
FNDA:1,(anonymous_18)
FNDA:14,newIgnoreKeyKeyValueView
FNDA:15,(anonymous_20)
FNDA:60,(anonymous_21)
FNDA:1,(anonymous_22)
FNDA:1,(anonymous_23)
FNDA:2,(anonymous_24)
FNDA:1,(anonymous_25)
FNDA:27,newArrayViewSubsetIterator
FNDA:5409,(anonymous_27)
FNDA:5410,(anonymous_28)
FNDA:6,newKeyValueViewSubsetIterator
FNDA:15,(anonymous_30)
FNDA:16,(anonymous_31)
DA:59,3
DA:60,52
DA:62,5416
DA:63,25035728
DA:67,4
DA:70,29
DA:71,5609
DA:73,26
DA:75,52
DA:87,3
DA:88,10
DA:90,24
DA:91,85
DA:95,3
DA:98,1
DA:99,1
DA:100,2
DA:102,1
DA:104,5
DA:106,10
DA:111,5407
DA:113,5403
DA:114,25030681
DA:115,25025278
DA:120,2
DA:121,2
DA:124,5
DA:125,5
DA:126,15
DA:127,10
DA:130,5
DA:132,1
DA:134,5407
DA:139,14
DA:141,15
DA:142,60
DA:143,45
DA:147,1
DA:149,1
DA:150,1
DA:151,2
DA:152,1
DA:155,1
DA:157,1
DA:159,14
DA:172,27
DA:173,5409
DA:174,27
DA:175,27
DA:177,5410
DA:178,5410
DA:179,5410
DA:180,5410
DA:198,6
DA:199,15
DA:200,6
DA:201,6
DA:203,6
DA:204,6
DA:206,16
DA:207,16
DA:208,16
DA:209,16
LF:63
LH:63
BRDA:114,0,0,25025278
BRDA:114,0,1,5403
BRDA:115,1,0,12512639
BRDA:115,1,1,12512639
BRDA:120,2,0,1
BRDA:120,2,1,1
BRDA:126,3,0,10
BRDA:126,3,1,5
BRDA:127,4,0,5
BRDA:127,4,1,5
BRDA:142,5,0,45
BRDA:142,5,1,15
BRDA:151,6,0,1
BRDA:151,6,1,1
BRDA:179,7,0,3
BRDA:179,7,1,5407
BRDA:208,8,0,2
BRDA:208,8,1,14
BRF:18
BRH:18
end_of_record
TN:
SF:src/index.ts
FNF:0
FNH:0
DA:1,2
DA:2,2
DA:3,2
DA:5,2
DA:12,2
DA:13,2
DA:15,2
DA:20,2
DA:21,2
LF:9
LH:9
BRF:0
BRH:0
end_of_record
TN:
SF:src/laplace.ts
FN:6,laplaceProbDistribution
FNF:1
FNH:1
FNDA:240008,laplaceProbDistribution
DA:1,3
DA:3,3
DA:4,3
DA:6,3
DA:7,240008
DA:8,240008
DA:9,240008
DA:10,240008
LF:8
LH:8
BRDA:9,0,0,120195
BRDA:9,0,1,119813
BRF:2
BRH:2
end_of_record
TN:
SF:src/privatize.ts
FN:9,privatizeFactory
FN:13,(anonymous_1)
FN:25,(anonymous_2)
FN:25,(anonymous_3)
FN:74,fillDefaultOptions
FN:97,validateOptions
FNF:6
FNH:6
FNDA:2,privatizeFactory
FNDA:11,(anonymous_1)
FNDA:10,(anonymous_2)
FNDA:10,(anonymous_3)
FNDA:7,fillDefaultOptions
FNDA:11,validateOptions
DA:1,2
DA:2,2
DA:3,2
DA:4,2
DA:9,2
DA:13,11
DA:17,11
DA:18,7
DA:20,7
DA:21,7
DA:22,7
DA:24,7
DA:25,10
DA:26,10
DA:27,10
DA:28,2
DA:31,8
DA:32,8
DA:37,8
DA:38,8
DA:39,15
DA:40,1
DA:41,7
DA:44,8
DA:45,8
DA:47,8
DA:53,8
DA:75,7
DA:84,7
DA:85,3
DA:87,7
DA:99,11
DA:100,1
DA:102,10
DA:103,1
DA:105,9
DA:106,3
DA:107,1
DA:110,8
DA:111,3
DA:112,1
DA:116,7
DA:124,7
LF:43
LH:43
BRDA:27,0,0,2
BRDA:27,0,1,8
BRDA:39,1,0,7
BRDA:39,1,1,1
BRDA:53,2,0,4
BRDA:53,2,1,4
BRDA:78,3,0,2
BRDA:78,3,1,5
BRDA:81,4,0,2
BRDA:81,4,1,5
BRDA:84,5,0,3
BRDA:84,5,1,4
BRDA:99,6,0,1
BRDA:99,6,1,10
BRDA:99,7,0,11
BRDA:99,7,1,10
BRDA:102,8,0,1
BRDA:102,8,1,9
BRDA:105,9,0,3
BRDA:105,9,1,6
BRDA:106,10,0,1
BRDA:106,10,1,2
BRDA:106,11,0,3
BRDA:106,11,1,2
BRDA:110,12,0,3
BRDA:110,12,1,5
BRDA:111,13,0,1
BRDA:111,13,1,2
BRDA:111,14,0,3
BRDA:111,14,1,3
BRDA:121,15,0,3
BRDA:121,15,1,4
BRF:32
BRH:32
end_of_record
TN:
SF:src/sensitivity.ts
FN:16,calculateSensitivity
FN:38,(anonymous_5)
FN:40,(anonymous_6)
FN:63,runOnModifiedDataset
FNF:4
FNH:4
FNDA:25,calculateSensitivity
FNDA:5413,(anonymous_5)
FNDA:5413,(anonymous_6)
FNDA:5413,runOnModifiedDataset
DA:2,3
DA:16,3
DA:24,25
DA:25,25
DA:26,49
DA:27,1
DA:28,24
DA:29,25
DA:30,25
DA:31,25
DA:32,5413
DA:33,5413
DA:34,5388
DA:36,5413
DA:37,5413
DA:39,5413
DA:40,5413
DA:41,5413
DA:42,5413
DA:43,5412
DA:44,5412
DA:47,5413
DA:50,9193
DA:51,3266
DA:53,5413
DA:59,50
DA:60,25
DA:64,10808
DA:65,5413
DA:66,1
DA:68,5412
DA:69,10719
DA:70,5412
LF:33
LH:33
BRDA:26,0,0,24
BRDA:26,0,1,1
BRDA:42,1,0,5412
BRDA:42,1,1,1
BRDA:50,2,0,3780
BRDA:50,2,1,1633
BRDA:53,3,0,25
BRDA:53,3,1,5388
BRDA:33,4,0,0
BRDA:33,4,1,5413
BRDA:64,5,0,5395
BRDA:64,5,1,18
BRDA:65,6,0,1
BRDA:65,6,1,5412
BRDA:65,7,0,5413
BRDA:65,7,1,5412
BRDA:69,8,0,5307
BRDA:69,8,1,105
BRF:18
BRH:17
end_of_record
TN:
SF:src/types.ts
FN:153,(anonymous_0)
FNF:1
FNH:1
FNDA:4,(anonymous_0)
DA:153,2
LF:1
LH:1
BRF:0
BRH:0
end_of_record
